2019-11-23 00:15:19.723  INFO 3184 --- [main] c.o.rate.ExchangeRateApiApplication      : Starting ExchangeRateApiApplication on etsadmins-MacBook-Pro.local with PID 3184 (/Users/seyfettin.mendes/Dev/intellij/seyf/openpayd/rate/target/classes started by seyfettin.mendes in /Users/seyfettin.mendes/Dev/intellij/seyf/openpayd/rate)
2019-11-23 00:15:19.726 DEBUG 3184 --- [main] c.o.rate.ExchangeRateApiApplication      : Running with Spring Boot v2.2.1.RELEASE, Spring v5.2.1.RELEASE
2019-11-23 00:15:19.727  INFO 3184 --- [main] c.o.rate.ExchangeRateApiApplication      : No active profile set, falling back to default profiles: default
2019-11-23 00:15:20.812  INFO 3184 --- [main] .s.d.r.c.RepositoryConfigurationDelegate : Bootstrapping Spring Data repositories in DEFAULT mode.
2019-11-23 00:15:20.871  INFO 3184 --- [main] .s.d.r.c.RepositoryConfigurationDelegate : Finished Spring Data repository scanning in 50ms. Found 1 repository interfaces.
2019-11-23 00:15:21.132  INFO 3184 --- [main] trationDelegate$BeanPostProcessorChecker : Bean 'org.springframework.transaction.annotation.ProxyTransactionManagementConfiguration' of type [org.springframework.transaction.annotation.ProxyTransactionManagementConfiguration] is not eligible for getting processed by all BeanPostProcessors (for example: not eligible for auto-proxying)
2019-11-23 00:15:21.345  INFO 3184 --- [main] o.s.b.w.embedded.tomcat.TomcatWebServer  : Tomcat initialized with port(s): 8080 (http)
2019-11-23 00:15:21.353  INFO 3184 --- [main] o.apache.catalina.core.StandardService   : Starting service [Tomcat]
2019-11-23 00:15:21.353  INFO 3184 --- [main] org.apache.catalina.core.StandardEngine  : Starting Servlet engine: [Apache Tomcat/9.0.27]
2019-11-23 00:15:21.440  INFO 3184 --- [main] o.a.c.c.C.[.[localhost].[/rate/api/v1]   : Initializing Spring embedded WebApplicationContext
2019-11-23 00:15:21.441  INFO 3184 --- [main] o.s.web.context.ContextLoader            : Root WebApplicationContext: initialization completed in 1645 ms
2019-11-23 00:15:21.662  INFO 3184 --- [main] o.hibernate.jpa.internal.util.LogHelper  : HHH000204: Processing PersistenceUnitInfo [name: default]
2019-11-23 00:15:21.784  INFO 3184 --- [main] org.hibernate.Version                    : HHH000412: Hibernate Core {5.4.8.Final}
2019-11-23 00:15:21.906  INFO 3184 --- [main] o.hibernate.annotations.common.Version   : HCANN000001: Hibernate Commons Annotations {5.1.0.Final}
2019-11-23 00:15:22.013  INFO 3184 --- [main] com.zaxxer.hikari.HikariDataSource       : exchange-rate-dbconnectionpool - Starting...
2019-11-23 00:15:22.086  INFO 3184 --- [main] com.zaxxer.hikari.HikariDataSource       : exchange-rate-dbconnectionpool - Start completed.
2019-11-23 00:15:22.102  INFO 3184 --- [main] org.hibernate.dialect.Dialect            : HHH000400: Using dialect: org.hibernate.dialect.PostgreSQL95Dialect
2019-11-23 00:15:22.724  INFO 3184 --- [main] o.h.e.t.j.p.i.JtaPlatformInitiator       : HHH000490: Using JtaPlatform implementation: [org.hibernate.engine.transaction.jta.platform.internal.NoJtaPlatform]
2019-11-23 00:15:22.731  INFO 3184 --- [main] j.LocalContainerEntityManagerFactoryBean : Initialized JPA EntityManagerFactory for persistence unit 'default'
2019-11-23 00:15:23.330  WARN 3184 --- [main] JpaBaseConfiguration$JpaWebConfiguration : spring.jpa.open-in-view is enabled by default. Therefore, database queries may be performed during view rendering. Explicitly configure spring.jpa.open-in-view to disable this warning
2019-11-23 00:15:23.447  INFO 3184 --- [main] pertySourcedRequestMappingHandlerMapping : Mapped URL path [/v2/api-docs] onto method [springfox.documentation.swagger2.web.Swagger2Controller#getDocumentation(String, HttpServletRequest)]
2019-11-23 00:15:23.502  INFO 3184 --- [main] o.s.s.concurrent.ThreadPoolTaskExecutor  : Initializing ExecutorService 'applicationTaskExecutor'
2019-11-23 00:15:23.727  INFO 3184 --- [main] d.s.w.p.DocumentationPluginsBootstrapper : Context refreshed
2019-11-23 00:15:23.744  INFO 3184 --- [main] d.s.w.p.DocumentationPluginsBootstrapper : Found 1 custom documentation plugin(s)
2019-11-23 00:15:23.774  INFO 3184 --- [main] s.d.s.w.s.ApiListingReferenceScanner     : Scanning for api listing references
2019-11-23 00:15:23.965  INFO 3184 --- [main] o.s.b.w.embedded.tomcat.TomcatWebServer  : Tomcat started on port(s): 8080 (http) with context path '/rate/api/v1'
2019-11-23 00:15:24.033  WARN 3184 --- [main] org.apache.tomcat.util.modeler.Registry  : The MBean registry cannot be disabled because it has already been initialised
2019-11-23 00:15:24.036  INFO 3184 --- [main] o.s.b.w.embedded.tomcat.TomcatWebServer  : Tomcat initialized with port(s): 8081 (http)
2019-11-23 00:15:24.037  INFO 3184 --- [main] o.apache.catalina.core.StandardService   : Starting service [Tomcat]
2019-11-23 00:15:24.037  INFO 3184 --- [main] org.apache.catalina.core.StandardEngine  : Starting Servlet engine: [Apache Tomcat/9.0.27]
2019-11-23 00:15:24.045  INFO 3184 --- [main] o.a.c.c.C.[.[localhost].[/management]    : Initializing Spring embedded WebApplicationContext
2019-11-23 00:15:24.045  INFO 3184 --- [main] o.s.web.context.ContextLoader            : Root WebApplicationContext: initialization completed in 76 ms
2019-11-23 00:15:24.057  INFO 3184 --- [main] o.s.b.a.e.web.EndpointLinksResolver      : Exposing 2 endpoint(s) beneath base path '/actuator'
2019-11-23 00:15:24.102  INFO 3184 --- [main] o.s.b.w.embedded.tomcat.TomcatWebServer  : Tomcat started on port(s): 8081 (http) with context path '/management'
2019-11-23 00:15:24.104  INFO 3184 --- [main] c.o.rate.ExchangeRateApiApplication      : Started ExchangeRateApiApplication in 5.005 seconds (JVM running for 5.756)
2019-11-23 00:16:14.770  INFO 3184 --- [http-nio-8080-exec-1] o.a.c.c.C.[.[localhost].[/rate/api/v1]   : Initializing Spring DispatcherServlet 'dispatcherServlet'
2019-11-23 00:16:14.770  INFO 3184 --- [http-nio-8080-exec-1] o.s.web.servlet.DispatcherServlet        : Initializing Servlet 'dispatcherServlet'
2019-11-23 00:16:14.777  INFO 3184 --- [http-nio-8080-exec-1] o.s.web.servlet.DispatcherServlet        : Completed initialization in 7 ms
2019-11-23 00:16:23.030  INFO 3184 --- [http-nio-8080-exec-2] com.openpayd.rate.service.RateService    : conversion result 
2019-11-23 00:16:57.332  INFO 3184 --- [SpringContextShutdownHook] o.s.s.concurrent.ThreadPoolTaskExecutor  : Shutting down ExecutorService 'applicationTaskExecutor'
2019-11-23 00:16:57.334  INFO 3184 --- [SpringContextShutdownHook] j.LocalContainerEntityManagerFactoryBean : Closing JPA EntityManagerFactory for persistence unit 'default'
2019-11-23 00:16:57.337  INFO 3184 --- [SpringContextShutdownHook] com.zaxxer.hikari.HikariDataSource       : exchange-rate-dbconnectionpool - Shutdown initiated...
2019-11-23 00:16:57.342  INFO 3184 --- [SpringContextShutdownHook] com.zaxxer.hikari.HikariDataSource       : exchange-rate-dbconnectionpool - Shutdown completed.
2019-11-23 00:17:01.525  INFO 3243 --- [main] c.o.rate.ExchangeRateApiApplication      : Starting ExchangeRateApiApplication on etsadmins-MacBook-Pro.local with PID 3243 (/Users/seyfettin.mendes/Dev/intellij/seyf/openpayd/rate/target/classes started by seyfettin.mendes in /Users/seyfettin.mendes/Dev/intellij/seyf/openpayd/rate)
2019-11-23 00:17:01.531 DEBUG 3243 --- [main] c.o.rate.ExchangeRateApiApplication      : Running with Spring Boot v2.2.1.RELEASE, Spring v5.2.1.RELEASE
2019-11-23 00:17:01.532  INFO 3243 --- [main] c.o.rate.ExchangeRateApiApplication      : No active profile set, falling back to default profiles: default
2019-11-23 00:17:02.586  INFO 3243 --- [main] .s.d.r.c.RepositoryConfigurationDelegate : Bootstrapping Spring Data repositories in DEFAULT mode.
2019-11-23 00:17:02.646  INFO 3243 --- [main] .s.d.r.c.RepositoryConfigurationDelegate : Finished Spring Data repository scanning in 51ms. Found 1 repository interfaces.
2019-11-23 00:17:02.907  INFO 3243 --- [main] trationDelegate$BeanPostProcessorChecker : Bean 'org.springframework.transaction.annotation.ProxyTransactionManagementConfiguration' of type [org.springframework.transaction.annotation.ProxyTransactionManagementConfiguration] is not eligible for getting processed by all BeanPostProcessors (for example: not eligible for auto-proxying)
2019-11-23 00:17:03.120  INFO 3243 --- [main] o.s.b.w.embedded.tomcat.TomcatWebServer  : Tomcat initialized with port(s): 8080 (http)
2019-11-23 00:17:03.128  INFO 3243 --- [main] o.apache.catalina.core.StandardService   : Starting service [Tomcat]
2019-11-23 00:17:03.129  INFO 3243 --- [main] org.apache.catalina.core.StandardEngine  : Starting Servlet engine: [Apache Tomcat/9.0.27]
2019-11-23 00:17:03.220  INFO 3243 --- [main] o.a.c.c.C.[.[localhost].[/rate/api/v1]   : Initializing Spring embedded WebApplicationContext
2019-11-23 00:17:03.220  INFO 3243 --- [main] o.s.web.context.ContextLoader            : Root WebApplicationContext: initialization completed in 1617 ms
2019-11-23 00:17:03.440  INFO 3243 --- [main] o.hibernate.jpa.internal.util.LogHelper  : HHH000204: Processing PersistenceUnitInfo [name: default]
2019-11-23 00:17:03.560  INFO 3243 --- [main] org.hibernate.Version                    : HHH000412: Hibernate Core {5.4.8.Final}
2019-11-23 00:17:03.677  INFO 3243 --- [main] o.hibernate.annotations.common.Version   : HCANN000001: Hibernate Commons Annotations {5.1.0.Final}
2019-11-23 00:17:03.774  INFO 3243 --- [main] com.zaxxer.hikari.HikariDataSource       : exchange-rate-dbconnectionpool - Starting...
2019-11-23 00:17:03.842  INFO 3243 --- [main] com.zaxxer.hikari.HikariDataSource       : exchange-rate-dbconnectionpool - Start completed.
2019-11-23 00:17:03.857  INFO 3243 --- [main] org.hibernate.dialect.Dialect            : HHH000400: Using dialect: org.hibernate.dialect.PostgreSQL95Dialect
2019-11-23 00:17:04.458  INFO 3243 --- [main] o.h.e.t.j.p.i.JtaPlatformInitiator       : HHH000490: Using JtaPlatform implementation: [org.hibernate.engine.transaction.jta.platform.internal.NoJtaPlatform]
2019-11-23 00:17:04.466  INFO 3243 --- [main] j.LocalContainerEntityManagerFactoryBean : Initialized JPA EntityManagerFactory for persistence unit 'default'
2019-11-23 00:17:05.066  WARN 3243 --- [main] JpaBaseConfiguration$JpaWebConfiguration : spring.jpa.open-in-view is enabled by default. Therefore, database queries may be performed during view rendering. Explicitly configure spring.jpa.open-in-view to disable this warning
2019-11-23 00:17:05.180  INFO 3243 --- [main] pertySourcedRequestMappingHandlerMapping : Mapped URL path [/v2/api-docs] onto method [springfox.documentation.swagger2.web.Swagger2Controller#getDocumentation(String, HttpServletRequest)]
2019-11-23 00:17:05.238  INFO 3243 --- [main] o.s.s.concurrent.ThreadPoolTaskExecutor  : Initializing ExecutorService 'applicationTaskExecutor'
2019-11-23 00:17:05.464  INFO 3243 --- [main] d.s.w.p.DocumentationPluginsBootstrapper : Context refreshed
2019-11-23 00:17:05.480  INFO 3243 --- [main] d.s.w.p.DocumentationPluginsBootstrapper : Found 1 custom documentation plugin(s)
2019-11-23 00:17:05.512  INFO 3243 --- [main] s.d.s.w.s.ApiListingReferenceScanner     : Scanning for api listing references
2019-11-23 00:17:05.703  INFO 3243 --- [main] o.s.b.w.embedded.tomcat.TomcatWebServer  : Tomcat started on port(s): 8080 (http) with context path '/rate/api/v1'
2019-11-23 00:17:05.770  WARN 3243 --- [main] org.apache.tomcat.util.modeler.Registry  : The MBean registry cannot be disabled because it has already been initialised
2019-11-23 00:17:05.772  INFO 3243 --- [main] o.s.b.w.embedded.tomcat.TomcatWebServer  : Tomcat initialized with port(s): 8081 (http)
2019-11-23 00:17:05.773  INFO 3243 --- [main] o.apache.catalina.core.StandardService   : Starting service [Tomcat]
2019-11-23 00:17:05.773  INFO 3243 --- [main] org.apache.catalina.core.StandardEngine  : Starting Servlet engine: [Apache Tomcat/9.0.27]
2019-11-23 00:17:05.781  INFO 3243 --- [main] o.a.c.c.C.[.[localhost].[/management]    : Initializing Spring embedded WebApplicationContext
2019-11-23 00:17:05.781  INFO 3243 --- [main] o.s.web.context.ContextLoader            : Root WebApplicationContext: initialization completed in 73 ms
2019-11-23 00:17:05.793  INFO 3243 --- [main] o.s.b.a.e.web.EndpointLinksResolver      : Exposing 2 endpoint(s) beneath base path '/actuator'
2019-11-23 00:17:05.841  INFO 3243 --- [main] o.s.b.w.embedded.tomcat.TomcatWebServer  : Tomcat started on port(s): 8081 (http) with context path '/management'
2019-11-23 00:17:05.844  INFO 3243 --- [main] c.o.rate.ExchangeRateApiApplication      : Started ExchangeRateApiApplication in 4.868 seconds (JVM running for 5.507)
2019-11-23 00:17:11.887  INFO 3243 --- [http-nio-8080-exec-1] o.a.c.c.C.[.[localhost].[/rate/api/v1]   : Initializing Spring DispatcherServlet 'dispatcherServlet'
2019-11-23 00:17:11.887  INFO 3243 --- [http-nio-8080-exec-1] o.s.web.servlet.DispatcherServlet        : Initializing Servlet 'dispatcherServlet'
2019-11-23 00:17:11.896  INFO 3243 --- [http-nio-8080-exec-1] o.s.web.servlet.DispatcherServlet        : Completed initialization in 8 ms
2019-11-23 00:17:12.483  INFO 3243 --- [http-nio-8080-exec-1] com.openpayd.rate.service.RateService    : conversion result 
2019-11-23 00:23:46.980  INFO 3243 --- [SpringContextShutdownHook] o.s.s.concurrent.ThreadPoolTaskExecutor  : Shutting down ExecutorService 'applicationTaskExecutor'
2019-11-23 00:23:46.983  INFO 3243 --- [SpringContextShutdownHook] j.LocalContainerEntityManagerFactoryBean : Closing JPA EntityManagerFactory for persistence unit 'default'
2019-11-23 00:23:46.986  INFO 3243 --- [SpringContextShutdownHook] com.zaxxer.hikari.HikariDataSource       : exchange-rate-dbconnectionpool - Shutdown initiated...
2019-11-23 00:23:46.990  INFO 3243 --- [SpringContextShutdownHook] com.zaxxer.hikari.HikariDataSource       : exchange-rate-dbconnectionpool - Shutdown completed.
2019-11-23 00:23:51.212  INFO 3313 --- [main] c.o.rate.ExchangeRateApiApplication      : Starting ExchangeRateApiApplication on etsadmins-MacBook-Pro.local with PID 3313 (/Users/seyfettin.mendes/Dev/intellij/seyf/openpayd/rate/target/classes started by seyfettin.mendes in /Users/seyfettin.mendes/Dev/intellij/seyf/openpayd/rate)
2019-11-23 00:23:51.216 DEBUG 3313 --- [main] c.o.rate.ExchangeRateApiApplication      : Running with Spring Boot v2.2.1.RELEASE, Spring v5.2.1.RELEASE
2019-11-23 00:23:51.217  INFO 3313 --- [main] c.o.rate.ExchangeRateApiApplication      : No active profile set, falling back to default profiles: default
2019-11-23 00:23:52.130  INFO 3313 --- [main] .s.d.r.c.RepositoryConfigurationDelegate : Bootstrapping Spring Data repositories in DEFAULT mode.
2019-11-23 00:23:52.186  INFO 3313 --- [main] .s.d.r.c.RepositoryConfigurationDelegate : Finished Spring Data repository scanning in 47ms. Found 1 repository interfaces.
2019-11-23 00:23:52.443  INFO 3313 --- [main] trationDelegate$BeanPostProcessorChecker : Bean 'org.springframework.transaction.annotation.ProxyTransactionManagementConfiguration' of type [org.springframework.transaction.annotation.ProxyTransactionManagementConfiguration] is not eligible for getting processed by all BeanPostProcessors (for example: not eligible for auto-proxying)
2019-11-23 00:23:52.654  INFO 3313 --- [main] o.s.b.w.embedded.tomcat.TomcatWebServer  : Tomcat initialized with port(s): 8080 (http)
2019-11-23 00:23:52.662  INFO 3313 --- [main] o.apache.catalina.core.StandardService   : Starting service [Tomcat]
2019-11-23 00:23:52.663  INFO 3313 --- [main] org.apache.catalina.core.StandardEngine  : Starting Servlet engine: [Apache Tomcat/9.0.27]
2019-11-23 00:23:52.750  INFO 3313 --- [main] o.a.c.c.C.[.[localhost].[/rate/api/v1]   : Initializing Spring embedded WebApplicationContext
2019-11-23 00:23:52.751  INFO 3313 --- [main] o.s.web.context.ContextLoader            : Root WebApplicationContext: initialization completed in 1478 ms
2019-11-23 00:23:52.968  INFO 3313 --- [main] o.hibernate.jpa.internal.util.LogHelper  : HHH000204: Processing PersistenceUnitInfo [name: default]
2019-11-23 00:23:53.088  INFO 3313 --- [main] org.hibernate.Version                    : HHH000412: Hibernate Core {5.4.8.Final}
2019-11-23 00:23:53.202  INFO 3313 --- [main] o.hibernate.annotations.common.Version   : HCANN000001: Hibernate Commons Annotations {5.1.0.Final}
2019-11-23 00:23:53.298  INFO 3313 --- [main] com.zaxxer.hikari.HikariDataSource       : exchange-rate-dbconnectionpool - Starting...
2019-11-23 00:23:53.379  INFO 3313 --- [main] com.zaxxer.hikari.HikariDataSource       : exchange-rate-dbconnectionpool - Start completed.
2019-11-23 00:23:53.392  INFO 3313 --- [main] org.hibernate.dialect.Dialect            : HHH000400: Using dialect: org.hibernate.dialect.PostgreSQL95Dialect
2019-11-23 00:23:54.006  INFO 3313 --- [main] o.h.e.t.j.p.i.JtaPlatformInitiator       : HHH000490: Using JtaPlatform implementation: [org.hibernate.engine.transaction.jta.platform.internal.NoJtaPlatform]
2019-11-23 00:23:54.014  INFO 3313 --- [main] j.LocalContainerEntityManagerFactoryBean : Initialized JPA EntityManagerFactory for persistence unit 'default'
2019-11-23 00:23:54.573  WARN 3313 --- [main] JpaBaseConfiguration$JpaWebConfiguration : spring.jpa.open-in-view is enabled by default. Therefore, database queries may be performed during view rendering. Explicitly configure spring.jpa.open-in-view to disable this warning
2019-11-23 00:23:54.693  INFO 3313 --- [main] pertySourcedRequestMappingHandlerMapping : Mapped URL path [/v2/api-docs] onto method [springfox.documentation.swagger2.web.Swagger2Controller#getDocumentation(String, HttpServletRequest)]
2019-11-23 00:23:54.748  INFO 3313 --- [main] o.s.s.concurrent.ThreadPoolTaskExecutor  : Initializing ExecutorService 'applicationTaskExecutor'
2019-11-23 00:23:54.975  INFO 3313 --- [main] d.s.w.p.DocumentationPluginsBootstrapper : Context refreshed
2019-11-23 00:23:54.992  INFO 3313 --- [main] d.s.w.p.DocumentationPluginsBootstrapper : Found 1 custom documentation plugin(s)
2019-11-23 00:23:55.021  INFO 3313 --- [main] s.d.s.w.s.ApiListingReferenceScanner     : Scanning for api listing references
2019-11-23 00:23:55.209  INFO 3313 --- [main] o.s.b.w.embedded.tomcat.TomcatWebServer  : Tomcat started on port(s): 8080 (http) with context path '/rate/api/v1'
2019-11-23 00:23:55.275  WARN 3313 --- [main] org.apache.tomcat.util.modeler.Registry  : The MBean registry cannot be disabled because it has already been initialised
2019-11-23 00:23:55.277  INFO 3313 --- [main] o.s.b.w.embedded.tomcat.TomcatWebServer  : Tomcat initialized with port(s): 8081 (http)
2019-11-23 00:23:55.278  INFO 3313 --- [main] o.apache.catalina.core.StandardService   : Starting service [Tomcat]
2019-11-23 00:23:55.278  INFO 3313 --- [main] org.apache.catalina.core.StandardEngine  : Starting Servlet engine: [Apache Tomcat/9.0.27]
2019-11-23 00:23:55.286  INFO 3313 --- [main] o.a.c.c.C.[.[localhost].[/management]    : Initializing Spring embedded WebApplicationContext
2019-11-23 00:23:55.286  INFO 3313 --- [main] o.s.web.context.ContextLoader            : Root WebApplicationContext: initialization completed in 72 ms
2019-11-23 00:23:55.297  INFO 3313 --- [main] o.s.b.a.e.web.EndpointLinksResolver      : Exposing 2 endpoint(s) beneath base path '/actuator'
2019-11-23 00:23:55.343  INFO 3313 --- [main] o.s.b.w.embedded.tomcat.TomcatWebServer  : Tomcat started on port(s): 8081 (http) with context path '/management'
2019-11-23 00:23:55.346  INFO 3313 --- [main] c.o.rate.ExchangeRateApiApplication      : Started ExchangeRateApiApplication in 4.624 seconds (JVM running for 5.262)
2019-11-23 00:24:22.559  INFO 3313 --- [http-nio-8080-exec-1] o.a.c.c.C.[.[localhost].[/rate/api/v1]   : Initializing Spring DispatcherServlet 'dispatcherServlet'
2019-11-23 00:24:22.560  INFO 3313 --- [http-nio-8080-exec-1] o.s.web.servlet.DispatcherServlet        : Initializing Servlet 'dispatcherServlet'
2019-11-23 00:24:22.569  INFO 3313 --- [http-nio-8080-exec-1] o.s.web.servlet.DispatcherServlet        : Completed initialization in 9 ms
2019-11-23 00:24:23.102  INFO 3313 --- [http-nio-8080-exec-1] com.openpayd.rate.service.RateService    : conversion result 
2019-11-23 00:27:19.519  INFO 3313 --- [SpringContextShutdownHook] o.s.s.concurrent.ThreadPoolTaskExecutor  : Shutting down ExecutorService 'applicationTaskExecutor'
2019-11-23 00:27:19.521  INFO 3313 --- [SpringContextShutdownHook] j.LocalContainerEntityManagerFactoryBean : Closing JPA EntityManagerFactory for persistence unit 'default'
2019-11-23 00:27:19.524  INFO 3313 --- [SpringContextShutdownHook] com.zaxxer.hikari.HikariDataSource       : exchange-rate-dbconnectionpool - Shutdown initiated...
2019-11-23 00:27:19.528  INFO 3313 --- [SpringContextShutdownHook] com.zaxxer.hikari.HikariDataSource       : exchange-rate-dbconnectionpool - Shutdown completed.
2019-11-23 00:27:23.869  INFO 3350 --- [main] c.o.rate.ExchangeRateApiApplication      : Starting ExchangeRateApiApplication on etsadmins-MacBook-Pro.local with PID 3350 (/Users/seyfettin.mendes/Dev/intellij/seyf/openpayd/rate/target/classes started by seyfettin.mendes in /Users/seyfettin.mendes/Dev/intellij/seyf/openpayd/rate)
2019-11-23 00:27:23.872 DEBUG 3350 --- [main] c.o.rate.ExchangeRateApiApplication      : Running with Spring Boot v2.2.1.RELEASE, Spring v5.2.1.RELEASE
2019-11-23 00:27:23.873  INFO 3350 --- [main] c.o.rate.ExchangeRateApiApplication      : No active profile set, falling back to default profiles: default
2019-11-23 00:27:24.818  INFO 3350 --- [main] .s.d.r.c.RepositoryConfigurationDelegate : Bootstrapping Spring Data repositories in DEFAULT mode.
2019-11-23 00:27:24.877  INFO 3350 --- [main] .s.d.r.c.RepositoryConfigurationDelegate : Finished Spring Data repository scanning in 50ms. Found 1 repository interfaces.
2019-11-23 00:27:25.141  INFO 3350 --- [main] trationDelegate$BeanPostProcessorChecker : Bean 'org.springframework.transaction.annotation.ProxyTransactionManagementConfiguration' of type [org.springframework.transaction.annotation.ProxyTransactionManagementConfiguration] is not eligible for getting processed by all BeanPostProcessors (for example: not eligible for auto-proxying)
2019-11-23 00:27:25.368  INFO 3350 --- [main] o.s.b.w.embedded.tomcat.TomcatWebServer  : Tomcat initialized with port(s): 8080 (http)
2019-11-23 00:27:25.376  INFO 3350 --- [main] o.apache.catalina.core.StandardService   : Starting service [Tomcat]
2019-11-23 00:27:25.377  INFO 3350 --- [main] org.apache.catalina.core.StandardEngine  : Starting Servlet engine: [Apache Tomcat/9.0.27]
2019-11-23 00:27:25.469  INFO 3350 --- [main] o.a.c.c.C.[.[localhost].[/rate/api/v1]   : Initializing Spring embedded WebApplicationContext
2019-11-23 00:27:25.470  INFO 3350 --- [main] o.s.web.context.ContextLoader            : Root WebApplicationContext: initialization completed in 1542 ms
2019-11-23 00:27:25.698  INFO 3350 --- [main] o.hibernate.jpa.internal.util.LogHelper  : HHH000204: Processing PersistenceUnitInfo [name: default]
2019-11-23 00:27:25.818  INFO 3350 --- [main] org.hibernate.Version                    : HHH000412: Hibernate Core {5.4.8.Final}
2019-11-23 00:27:25.937  INFO 3350 --- [main] o.hibernate.annotations.common.Version   : HCANN000001: Hibernate Commons Annotations {5.1.0.Final}
2019-11-23 00:27:26.035  INFO 3350 --- [main] com.zaxxer.hikari.HikariDataSource       : exchange-rate-dbconnectionpool - Starting...
2019-11-23 00:27:26.100  INFO 3350 --- [main] com.zaxxer.hikari.HikariDataSource       : exchange-rate-dbconnectionpool - Start completed.
2019-11-23 00:27:26.114  INFO 3350 --- [main] org.hibernate.dialect.Dialect            : HHH000400: Using dialect: org.hibernate.dialect.PostgreSQL95Dialect
2019-11-23 00:27:26.753  INFO 3350 --- [main] o.h.e.t.j.p.i.JtaPlatformInitiator       : HHH000490: Using JtaPlatform implementation: [org.hibernate.engine.transaction.jta.platform.internal.NoJtaPlatform]
2019-11-23 00:27:26.760  INFO 3350 --- [main] j.LocalContainerEntityManagerFactoryBean : Initialized JPA EntityManagerFactory for persistence unit 'default'
2019-11-23 00:27:27.352  WARN 3350 --- [main] JpaBaseConfiguration$JpaWebConfiguration : spring.jpa.open-in-view is enabled by default. Therefore, database queries may be performed during view rendering. Explicitly configure spring.jpa.open-in-view to disable this warning
2019-11-23 00:27:27.469  INFO 3350 --- [main] pertySourcedRequestMappingHandlerMapping : Mapped URL path [/v2/api-docs] onto method [springfox.documentation.swagger2.web.Swagger2Controller#getDocumentation(String, HttpServletRequest)]
2019-11-23 00:27:27.527  INFO 3350 --- [main] o.s.s.concurrent.ThreadPoolTaskExecutor  : Initializing ExecutorService 'applicationTaskExecutor'
2019-11-23 00:27:27.766  INFO 3350 --- [main] d.s.w.p.DocumentationPluginsBootstrapper : Context refreshed
2019-11-23 00:27:27.783  INFO 3350 --- [main] d.s.w.p.DocumentationPluginsBootstrapper : Found 1 custom documentation plugin(s)
2019-11-23 00:27:27.813  INFO 3350 --- [main] s.d.s.w.s.ApiListingReferenceScanner     : Scanning for api listing references
2019-11-23 00:27:28.010  INFO 3350 --- [main] o.s.b.w.embedded.tomcat.TomcatWebServer  : Tomcat started on port(s): 8080 (http) with context path '/rate/api/v1'
2019-11-23 00:27:28.082  WARN 3350 --- [main] org.apache.tomcat.util.modeler.Registry  : The MBean registry cannot be disabled because it has already been initialised
2019-11-23 00:27:28.085  INFO 3350 --- [main] o.s.b.w.embedded.tomcat.TomcatWebServer  : Tomcat initialized with port(s): 8081 (http)
2019-11-23 00:27:28.086  INFO 3350 --- [main] o.apache.catalina.core.StandardService   : Starting service [Tomcat]
2019-11-23 00:27:28.086  INFO 3350 --- [main] org.apache.catalina.core.StandardEngine  : Starting Servlet engine: [Apache Tomcat/9.0.27]
2019-11-23 00:27:28.095  INFO 3350 --- [main] o.a.c.c.C.[.[localhost].[/management]    : Initializing Spring embedded WebApplicationContext
2019-11-23 00:27:28.095  INFO 3350 --- [main] o.s.web.context.ContextLoader            : Root WebApplicationContext: initialization completed in 81 ms
2019-11-23 00:27:28.108  INFO 3350 --- [main] o.s.b.a.e.web.EndpointLinksResolver      : Exposing 2 endpoint(s) beneath base path '/actuator'
2019-11-23 00:27:28.160  INFO 3350 --- [main] o.s.b.w.embedded.tomcat.TomcatWebServer  : Tomcat started on port(s): 8081 (http) with context path '/management'
2019-11-23 00:27:28.163  INFO 3350 --- [main] c.o.rate.ExchangeRateApiApplication      : Started ExchangeRateApiApplication in 4.806 seconds (JVM running for 5.445)
2019-11-23 00:27:43.597  INFO 3350 --- [http-nio-8080-exec-1] o.a.c.c.C.[.[localhost].[/rate/api/v1]   : Initializing Spring DispatcherServlet 'dispatcherServlet'
2019-11-23 00:27:43.598  INFO 3350 --- [http-nio-8080-exec-1] o.s.web.servlet.DispatcherServlet        : Initializing Servlet 'dispatcherServlet'
2019-11-23 00:27:43.607  INFO 3350 --- [http-nio-8080-exec-1] o.s.web.servlet.DispatcherServlet        : Completed initialization in 9 ms
2019-11-23 00:27:44.293  INFO 3350 --- [http-nio-8080-exec-1] com.openpayd.rate.service.RateService    : conversion result : ConversionResultModel{success=false, query=null, info=null, historical=false, date='null', result=0.0}
2019-11-23 00:29:19.481  INFO 3350 --- [SpringContextShutdownHook] o.s.s.concurrent.ThreadPoolTaskExecutor  : Shutting down ExecutorService 'applicationTaskExecutor'
2019-11-23 00:29:19.483  INFO 3350 --- [SpringContextShutdownHook] j.LocalContainerEntityManagerFactoryBean : Closing JPA EntityManagerFactory for persistence unit 'default'
2019-11-23 00:29:19.484  INFO 3350 --- [SpringContextShutdownHook] com.zaxxer.hikari.HikariDataSource       : exchange-rate-dbconnectionpool - Shutdown initiated...
2019-11-23 00:29:19.487  INFO 3350 --- [SpringContextShutdownHook] com.zaxxer.hikari.HikariDataSource       : exchange-rate-dbconnectionpool - Shutdown completed.
2019-11-23 00:29:23.963  INFO 3370 --- [main] c.o.rate.ExchangeRateApiApplication      : Starting ExchangeRateApiApplication on etsadmins-MacBook-Pro.local with PID 3370 (/Users/seyfettin.mendes/Dev/intellij/seyf/openpayd/rate/target/classes started by seyfettin.mendes in /Users/seyfettin.mendes/Dev/intellij/seyf/openpayd/rate)
2019-11-23 00:29:23.968 DEBUG 3370 --- [main] c.o.rate.ExchangeRateApiApplication      : Running with Spring Boot v2.2.1.RELEASE, Spring v5.2.1.RELEASE
2019-11-23 00:29:23.969  INFO 3370 --- [main] c.o.rate.ExchangeRateApiApplication      : No active profile set, falling back to default profiles: default
2019-11-23 00:29:24.939  INFO 3370 --- [main] .s.d.r.c.RepositoryConfigurationDelegate : Bootstrapping Spring Data repositories in DEFAULT mode.
2019-11-23 00:29:24.995  INFO 3370 --- [main] .s.d.r.c.RepositoryConfigurationDelegate : Finished Spring Data repository scanning in 47ms. Found 1 repository interfaces.
2019-11-23 00:29:25.252  INFO 3370 --- [main] trationDelegate$BeanPostProcessorChecker : Bean 'org.springframework.transaction.annotation.ProxyTransactionManagementConfiguration' of type [org.springframework.transaction.annotation.ProxyTransactionManagementConfiguration] is not eligible for getting processed by all BeanPostProcessors (for example: not eligible for auto-proxying)
2019-11-23 00:29:25.469  INFO 3370 --- [main] o.s.b.w.embedded.tomcat.TomcatWebServer  : Tomcat initialized with port(s): 8080 (http)
2019-11-23 00:29:25.477  INFO 3370 --- [main] o.apache.catalina.core.StandardService   : Starting service [Tomcat]
2019-11-23 00:29:25.477  INFO 3370 --- [main] org.apache.catalina.core.StandardEngine  : Starting Servlet engine: [Apache Tomcat/9.0.27]
2019-11-23 00:29:25.564  INFO 3370 --- [main] o.a.c.c.C.[.[localhost].[/rate/api/v1]   : Initializing Spring embedded WebApplicationContext
2019-11-23 00:29:25.565  INFO 3370 --- [main] o.s.web.context.ContextLoader            : Root WebApplicationContext: initialization completed in 1535 ms
2019-11-23 00:29:25.784  INFO 3370 --- [main] o.hibernate.jpa.internal.util.LogHelper  : HHH000204: Processing PersistenceUnitInfo [name: default]
2019-11-23 00:29:25.899  INFO 3370 --- [main] org.hibernate.Version                    : HHH000412: Hibernate Core {5.4.8.Final}
2019-11-23 00:29:26.014  INFO 3370 --- [main] o.hibernate.annotations.common.Version   : HCANN000001: Hibernate Commons Annotations {5.1.0.Final}
2019-11-23 00:29:26.109  INFO 3370 --- [main] com.zaxxer.hikari.HikariDataSource       : exchange-rate-dbconnectionpool - Starting...
2019-11-23 00:29:26.173  INFO 3370 --- [main] com.zaxxer.hikari.HikariDataSource       : exchange-rate-dbconnectionpool - Start completed.
2019-11-23 00:29:26.187  INFO 3370 --- [main] org.hibernate.dialect.Dialect            : HHH000400: Using dialect: org.hibernate.dialect.PostgreSQL95Dialect
2019-11-23 00:29:26.795  INFO 3370 --- [main] o.h.e.t.j.p.i.JtaPlatformInitiator       : HHH000490: Using JtaPlatform implementation: [org.hibernate.engine.transaction.jta.platform.internal.NoJtaPlatform]
2019-11-23 00:29:26.802  INFO 3370 --- [main] j.LocalContainerEntityManagerFactoryBean : Initialized JPA EntityManagerFactory for persistence unit 'default'
2019-11-23 00:29:27.361  WARN 3370 --- [main] JpaBaseConfiguration$JpaWebConfiguration : spring.jpa.open-in-view is enabled by default. Therefore, database queries may be performed during view rendering. Explicitly configure spring.jpa.open-in-view to disable this warning
2019-11-23 00:29:27.489  INFO 3370 --- [main] pertySourcedRequestMappingHandlerMapping : Mapped URL path [/v2/api-docs] onto method [springfox.documentation.swagger2.web.Swagger2Controller#getDocumentation(String, HttpServletRequest)]
2019-11-23 00:29:27.546  INFO 3370 --- [main] o.s.s.concurrent.ThreadPoolTaskExecutor  : Initializing ExecutorService 'applicationTaskExecutor'
2019-11-23 00:29:27.773  INFO 3370 --- [main] d.s.w.p.DocumentationPluginsBootstrapper : Context refreshed
2019-11-23 00:29:27.789  INFO 3370 --- [main] d.s.w.p.DocumentationPluginsBootstrapper : Found 1 custom documentation plugin(s)
2019-11-23 00:29:27.818  INFO 3370 --- [main] s.d.s.w.s.ApiListingReferenceScanner     : Scanning for api listing references
2019-11-23 00:29:28.020  INFO 3370 --- [main] o.s.b.w.embedded.tomcat.TomcatWebServer  : Tomcat started on port(s): 8080 (http) with context path '/rate/api/v1'
2019-11-23 00:29:28.092  WARN 3370 --- [main] org.apache.tomcat.util.modeler.Registry  : The MBean registry cannot be disabled because it has already been initialised
2019-11-23 00:29:28.095  INFO 3370 --- [main] o.s.b.w.embedded.tomcat.TomcatWebServer  : Tomcat initialized with port(s): 8081 (http)
2019-11-23 00:29:28.096  INFO 3370 --- [main] o.apache.catalina.core.StandardService   : Starting service [Tomcat]
2019-11-23 00:29:28.096  INFO 3370 --- [main] org.apache.catalina.core.StandardEngine  : Starting Servlet engine: [Apache Tomcat/9.0.27]
2019-11-23 00:29:28.105  INFO 3370 --- [main] o.a.c.c.C.[.[localhost].[/management]    : Initializing Spring embedded WebApplicationContext
2019-11-23 00:29:28.105  INFO 3370 --- [main] o.s.web.context.ContextLoader            : Root WebApplicationContext: initialization completed in 81 ms
2019-11-23 00:29:28.117  INFO 3370 --- [main] o.s.b.a.e.web.EndpointLinksResolver      : Exposing 2 endpoint(s) beneath base path '/actuator'
2019-11-23 00:29:28.166  INFO 3370 --- [main] o.s.b.w.embedded.tomcat.TomcatWebServer  : Tomcat started on port(s): 8081 (http) with context path '/management'
2019-11-23 00:29:28.169  INFO 3370 --- [main] c.o.rate.ExchangeRateApiApplication      : Started ExchangeRateApiApplication in 4.652 seconds (JVM running for 5.275)
2019-11-23 00:29:41.232  INFO 3370 --- [http-nio-8080-exec-1] o.a.c.c.C.[.[localhost].[/rate/api/v1]   : Initializing Spring DispatcherServlet 'dispatcherServlet'
2019-11-23 00:29:41.233  INFO 3370 --- [http-nio-8080-exec-1] o.s.web.servlet.DispatcherServlet        : Initializing Servlet 'dispatcherServlet'
2019-11-23 00:29:41.240  INFO 3370 --- [http-nio-8080-exec-1] o.s.web.servlet.DispatcherServlet        : Completed initialization in 7 ms
2019-11-23 00:29:42.801  INFO 3370 --- [http-nio-8080-exec-1] com.openpayd.rate.service.RateService    : conversion result by fixer service : ConversionResultModel{success=false, query=null, info=null, historical=false, date='null', result=0.0}
2019-11-23 00:30:26.068  INFO 3370 --- [http-nio-8080-exec-3] com.openpayd.rate.service.RateService    : exchange rate  result by fixer service : RateResultModel{success=true, timestamp=1574455445, base='EUR', date='2019-11-22', rates={USD=1.10215}}
2019-11-23 00:31:23.419  INFO 3370 --- [SpringContextShutdownHook] o.s.s.concurrent.ThreadPoolTaskExecutor  : Shutting down ExecutorService 'applicationTaskExecutor'
2019-11-23 00:31:23.421  INFO 3370 --- [SpringContextShutdownHook] j.LocalContainerEntityManagerFactoryBean : Closing JPA EntityManagerFactory for persistence unit 'default'
2019-11-23 00:31:23.423  INFO 3370 --- [SpringContextShutdownHook] com.zaxxer.hikari.HikariDataSource       : exchange-rate-dbconnectionpool - Shutdown initiated...
2019-11-23 00:31:23.425  INFO 3370 --- [SpringContextShutdownHook] com.zaxxer.hikari.HikariDataSource       : exchange-rate-dbconnectionpool - Shutdown completed.
2019-11-23 13:11:16.721  INFO 1286 --- [main] c.o.r.ExchangeRateApiApplicationTests    : Starting ExchangeRateApiApplicationTests on etsadmins-MacBook-Pro.local with PID 1286 (started by seyfettin.mendes in /Users/seyfettin.mendes/Dev/intellij/seyf/openpayd/rate)
2019-11-23 13:11:16.723 DEBUG 1286 --- [main] c.o.r.ExchangeRateApiApplicationTests    : Running with Spring Boot v2.2.1.RELEASE, Spring v5.2.1.RELEASE
2019-11-23 13:11:16.724  INFO 1286 --- [main] c.o.r.ExchangeRateApiApplicationTests    : No active profile set, falling back to default profiles: default
2019-11-23 13:11:17.706  INFO 1286 --- [main] .s.d.r.c.RepositoryConfigurationDelegate : Bootstrapping Spring Data repositories in DEFAULT mode.
2019-11-23 13:11:17.774  INFO 1286 --- [main] .s.d.r.c.RepositoryConfigurationDelegate : Finished Spring Data repository scanning in 56ms. Found 1 repository interfaces.
2019-11-23 13:11:18.180  INFO 1286 --- [main] trationDelegate$BeanPostProcessorChecker : Bean 'org.springframework.transaction.annotation.ProxyTransactionManagementConfiguration' of type [org.springframework.transaction.annotation.ProxyTransactionManagementConfiguration] is not eligible for getting processed by all BeanPostProcessors (for example: not eligible for auto-proxying)
2019-11-23 13:11:18.486  INFO 1286 --- [main] o.hibernate.jpa.internal.util.LogHelper  : HHH000204: Processing PersistenceUnitInfo [name: default]
2019-11-23 13:11:18.577  INFO 1286 --- [main] org.hibernate.Version                    : HHH000412: Hibernate Core {5.4.8.Final}
2019-11-23 13:11:18.763  INFO 1286 --- [main] o.hibernate.annotations.common.Version   : HCANN000001: Hibernate Commons Annotations {5.1.0.Final}
2019-11-23 13:11:18.905  INFO 1286 --- [main] com.zaxxer.hikari.HikariDataSource       : exchange-rate-dbconnectionpool - Starting...
2019-11-23 13:11:19.084  INFO 1286 --- [main] com.zaxxer.hikari.HikariDataSource       : exchange-rate-dbconnectionpool - Start completed.
2019-11-23 13:11:19.107  INFO 1286 --- [main] org.hibernate.dialect.Dialect            : HHH000400: Using dialect: org.hibernate.dialect.PostgreSQL95Dialect
2019-11-23 13:11:20.045  INFO 1286 --- [main] o.h.e.t.j.p.i.JtaPlatformInitiator       : HHH000490: Using JtaPlatform implementation: [org.hibernate.engine.transaction.jta.platform.internal.NoJtaPlatform]
2019-11-23 13:11:20.056  INFO 1286 --- [main] j.LocalContainerEntityManagerFactoryBean : Initialized JPA EntityManagerFactory for persistence unit 'default'
2019-11-23 13:11:21.013  WARN 1286 --- [main] JpaBaseConfiguration$JpaWebConfiguration : spring.jpa.open-in-view is enabled by default. Therefore, database queries may be performed during view rendering. Explicitly configure spring.jpa.open-in-view to disable this warning
2019-11-23 13:11:21.249  INFO 1286 --- [main] pertySourcedRequestMappingHandlerMapping : Mapped URL path [/v2/api-docs] onto method [springfox.documentation.swagger2.web.Swagger2Controller#getDocumentation(String, HttpServletRequest)]
2019-11-23 13:11:21.675  INFO 1286 --- [main] o.s.s.concurrent.ThreadPoolTaskExecutor  : Initializing ExecutorService 'applicationTaskExecutor'
2019-11-23 13:11:22.100  INFO 1286 --- [main] d.s.w.p.DocumentationPluginsBootstrapper : Context refreshed
2019-11-23 13:11:22.127  INFO 1286 --- [main] d.s.w.p.DocumentationPluginsBootstrapper : Found 1 custom documentation plugin(s)
2019-11-23 13:11:22.154  INFO 1286 --- [main] s.d.s.w.s.ApiListingReferenceScanner     : Scanning for api listing references
2019-11-23 13:11:22.333  INFO 1286 --- [main] c.o.r.ExchangeRateApiApplicationTests    : Started ExchangeRateApiApplicationTests in 5.986 seconds (JVM running for 6.966)
2019-11-23 13:11:22.479  INFO 1286 --- [SpringContextShutdownHook] o.s.s.concurrent.ThreadPoolTaskExecutor  : Shutting down ExecutorService 'applicationTaskExecutor'
2019-11-23 13:11:22.484  INFO 1286 --- [SpringContextShutdownHook] j.LocalContainerEntityManagerFactoryBean : Closing JPA EntityManagerFactory for persistence unit 'default'
2019-11-23 13:11:22.485  INFO 1286 --- [SpringContextShutdownHook] com.zaxxer.hikari.HikariDataSource       : exchange-rate-dbconnectionpool - Shutdown initiated...
2019-11-23 13:11:22.489  INFO 1286 --- [SpringContextShutdownHook] com.zaxxer.hikari.HikariDataSource       : exchange-rate-dbconnectionpool - Shutdown completed.
